<?xml version="1.0" encoding="UTF-8"?>
<!-- Generated by org.testng.reporters.JUnitReportReporter -->
<testsuite hostname="nblap226" name="automation.GettingStarted" tests="1" failures="0" timestamp="25 May 2021 08:16:58 GMT" time="102.198" errors="0">
  <testcase name="testGoogleSearch" time="102.198" classname="automation.GettingStarted"/>
</testsuite> <!-- automation.GettingStarted -->
